  Entity.cpp
  Level1.cpp
E:\Documents\GameProgramming2020\CSUY3113\P5\Level1.cpp(26,36): warning C4244: 'argument': conversion from 'float' to 'int', possible loss of data
  Level2.cpp
E:\Documents\GameProgramming2020\CSUY3113\P5\Level2.cpp(25,36): warning C4244: 'argument': conversion from 'float' to 'int', possible loss of data
E:\Documents\GameProgramming2020\CSUY3113\P5\Level2.cpp(69,33): warning C4305: '=': truncation from 'double' to 'float'
  Level3.cpp
E:\Documents\GameProgramming2020\CSUY3113\P5\Level3.cpp(26,36): warning C4244: 'argument': conversion from 'float' to 'int', possible loss of data
  Map.cpp
E:\Documents\GameProgramming2020\CSUY3113\P5\Map.cpp(89,13): warning C4244: 'initializing': conversion from 'float' to 'int', possible loss of data
E:\Documents\GameProgramming2020\CSUY3113\P5\Map.cpp(90,13): warning C4244: 'initializing': conversion from 'float' to 'int', possible loss of data
  Menu.cpp
E:\Documents\GameProgramming2020\CSUY3113\P5\Menu.cpp(26,36): warning C4244: 'argument': conversion from 'float' to 'int', possible loss of data
  Scene.cpp
  ShaderProgram.cpp
  Util.cpp
E:\Documents\GameProgramming2020\CSUY3113\P5\Util.cpp(34,20): warning C4018: '<': signed/unsigned mismatch
  main.cpp
  Generating Code...
  P5.vcxproj -> E:\Documents\GameProgramming2020\CSUY3113\P5\Debug\P5.exe
